<?xml version="1.0" encoding="UTF-8"?>
<!-- Generated by org.testng.reporters.JUnitReportReporter -->
<testsuite hostname="DESKTOP-F194BDL" failures="0" tests="1" name="test.RegistrationModuleTest" time="5.622" errors="0" timestamp="2023-06-19T08:24:00 IST" skipped="0">
  <testcase classname="test.RegistrationModuleTest" name="fullnamevalid" time="5.622"/>
</testsuite> <!-- test.RegistrationModuleTest -->
