<?xml version="1.0" encoding="UTF-8"?>
<!-- Generated by org.testng.reporters.JUnitReportReporter -->
<testsuite hostname="DESKTOP-F194BDL" failures="0" tests="1" name="test.TsrtcRegistrationModuleTest" time="7.363" errors="0" timestamp="2023-06-19T08:24:00 IST" skipped="0">
  <testcase classname="test.TsrtcRegistrationModuleTest" name="LoginNameValidation" time="7.363"/>
</testsuite> <!-- test.TsrtcRegistrationModuleTest -->
